Release 14.7 Map P.20131013 (nt64)
Xilinx Mapping Report File for Design 'Framework_sch'

Design Information
------------------
Command Line   : map -intstyle ise -p xc7k160t-ffg676-2L -w -logic_opt off -ol
high -t 1 -xt 0 -register_duplication off -r 4 -mt off -ir off -pr off -lc off
-power off -o Framework_sch_map.ncd Framework_sch.ngd Framework_sch.pcf 
Target Device  : xc7k160t
Target Package : ffg676
Target Speed   : -2l
Mapper Version : kintex7 -- $Revision: 1.55 $
Mapped Date    : Mon Jan 09 16:02:29 2017

Design Summary
--------------
Number of errors:      0
Number of warnings:    2
Slice Logic Utilization:
  Number of Slice Registers:                   844 out of 202,800    1%
    Number used as Flip Flops:                 842
    Number used as Latches:                      2
    Number used as Latch-thrus:                  0
    Number used as AND/OR logics:                0
  Number of Slice LUTs:                      4,215 out of 101,400    4%
    Number used as logic:                    4,183 out of 101,400    4%
      Number using O6 output only:           3,742
      Number using O5 output only:             221
      Number using O5 and O6:                  220
      Number used as ROM:                        0
    Number used as Memory:                       0 out of  35,000    0%
    Number used exclusively as route-thrus:     32
      Number with same-slice register load:     23
      Number with same-slice carry load:         9
      Number with other load:                    0

Slice Logic Distribution:
  Number of occupied Slices:                 1,747 out of  25,350    6%
  Number of LUT Flip Flop pairs used:        4,285
    Number with an unused Flip Flop:         3,532 out of   4,285   82%
    Number with an unused LUT:                  70 out of   4,285    1%
    Number of fully used LUT-FF pairs:         683 out of   4,285   15%
    Number of unique control sets:              36
    Number of slice register sites lost
      to control set restrictions:             164 out of 202,800    1%

  A LUT Flip Flop pair for this architecture represents one LUT paired with
  one Flip Flop within a slice.  A control set is a unique combination of
  clock, reset, set, and enable signals for a registered element.
  The Slice Logic Distribution report is not meaningful if the design is
  over-mapped for a non-slice resource or if Placement fails.
  OVERMAPPING of BRAM resources should be ignored if the design is
  over-mapped for a non-BRAM resource or if placement fails.

IO Utilization:
  Number of bonded IOBs:                        73 out of     400   18%
    Number of LOCed IOBs:                       73 out of      73  100%

Specific Feature Utilization:
  Number of RAMB36E1/FIFO36E1s:                  0 out of     325    0%
  Number of RAMB18E1/FIFO18E1s:                  0 out of     650    0%
  Number of BUFG/BUFGCTRLs:                      5 out of      32   15%
    Number used as BUFGs:                        5
    Number used as BUFGCTRLs:                    0
  Number of IDELAYE2/IDELAYE2_FINEDELAYs:        0 out of     400    0%
  Number of ILOGICE2/ILOGICE3/ISERDESE2s:        0 out of     400    0%
  Number of ODELAYE2/ODELAYE2_FINEDELAYs:        0 out of     150    0%
  Number of OLOGICE2/OLOGICE3/OSERDESE2s:        6 out of     400    1%
    Number used as OLOGICE2s:                    6
    Number used as OLOGICE3s:                    0
    Number used as OSERDESE2s:                   0
  Number of PHASER_IN/PHASER_IN_PHYs:            0 out of      32    0%
  Number of PHASER_OUT/PHASER_OUT_PHYs:          0 out of      32    0%
  Number of BSCANs:                              0 out of       4    0%
  Number of BUFHCEs:                             0 out of     120    0%
  Number of BUFRs:                               0 out of      32    0%
  Number of CAPTUREs:                            0 out of       1    0%
  Number of DNA_PORTs:                           0 out of       1    0%
  Number of DSP48E1s:                            0 out of     600    0%
  Number of EFUSE_USRs:                          0 out of       1    0%
  Number of FRAME_ECCs:                          0 out of       1    0%
  Number of GTXE2_CHANNELs:                      0 out of       8    0%
  Number of GTXE2_COMMONs:                       0 out of       2    0%
  Number of IBUFDS_GTE2s:                        0 out of       4    0%
  Number of ICAPs:                               0 out of       2    0%
  Number of IDELAYCTRLs:                         0 out of       8    0%
  Number of IN_FIFOs:                            0 out of      32    0%
  Number of MMCME2_ADVs:                         0 out of       8    0%
  Number of OUT_FIFOs:                           0 out of      32    0%
  Number of PCIE_2_1s:                           0 out of       1    0%
  Number of PHASER_REFs:                         0 out of       8    0%
  Number of PHY_CONTROLs:                        0 out of       8    0%
  Number of PLLE2_ADVs:                          0 out of       8    0%
  Number of STARTUPs:                            0 out of       1    0%
  Number of XADCs:                               0 out of       1    0%

Average Fanout of Non-Clock Nets:                3.40

Peak Memory Usage:  982 MB
Total REAL time to MAP completion:  5 mins 17 secs 
Total CPU time to MAP completion:   5 mins 7 secs 

Table of Contents
-----------------
Section 1 - Errors
Section 2 - Warnings
Section 3 - Informational
Section 4 - Removed Logic Summary
Section 5 - Removed Logic
Section 6 - IOB Properties
Section 7 - RPMs
Section 8 - Guide Report
Section 9 - Area Group and Partition Summary
Section 10 - Timing Report
Section 11 - Configuration String Information
Section 12 - Control Set Information
Section 13 - Utilization by Hierarchy

Section 1 - Errors
------------------

Section 2 - Warnings
--------------------
WARNING:PhysDesignRules:372 - Gated clock. Clock net
   XLXI_60/xPos[9]_PWR_61_o_LessThan_128_o is sourced by a combinatorial pin.
   This is not good design practice. Use the CE pin to control the loading of
   data into the flip-flop.
WARNING:PhysDesignRules:372 - Gated clock. Clock net XLXI_3/push is sourced by a
   combinatorial pin. This is not good design practice. Use the CE pin to
   control the loading of data into the flip-flop.

Section 3 - Informational
-------------------------
INFO:Pack:1716 - Initializing temperature to 100.000 Celsius. (default - Range:
   0.000 to 100.000 Celsius)
INFO:Pack:1720 - Initializing voltage to 0.970 Volts. (default - Range: 0.970 to
   1.030 Volts)
INFO:Map:215 - The Interim Design Summary has been generated in the MAP Report
   (.mrp).
INFO:Pack:1650 - Map created a placed design.

Section 4 - Removed Logic Summary
---------------------------------
 214 block(s) removed
 148 block(s) optimized away
 175 signal(s) removed

Section 5 - Removed Logic
-------------------------

The trimmed logic report below shows the logic removed from your design due to
sourceless or loadless signals, and VCC or ground connections.  If the removal
of a signal or symbol results in the subsequent removal of an additional signal
or symbol, the message explaining that second removal will be indented.  This
indentation will be repeated as a chain of related logic is removed.

To quickly locate the original cause for the removal of a chain of logic, look
above the place where that logic is listed in the trimming report, then locate
the lines that are least indented (begin at the leftmost edge).

Loadless block "XLXI_20/XLXI_15/XLXI_13/XLXI_30" (OR) removed.
 The signal "XLXI_20/XLXI_15/XLXI_13/XLXN_93" is loadless and has been removed.
  Loadless block "XLXI_20/XLXI_15/XLXI_13/XLXI_15" (AND) removed.
   The signal "XLXI_20/XLXI_15/XLXI_13/o1<0>" is loadless and has been removed.
    Loadless block "XLXI_20/XLXI_15/XLXI_13/XLXI_2/O0" (OR) removed.
     The signal "XLXI_20/XLXI_15/XLXI_13/XLXI_2/XLXN_23" is loadless and has been
removed.
      Loadless block "XLXI_20/XLXI_15/XLXI_13/XLXI_2/I30" (AND) removed.
       The signal "XLXI_20/XLXI_15/XLXI_13/XLXI_2/XLXN_148" is loadless and has been
removed.
        Loadless block "XLXI_20/XLXI_15/XLXI_13/XLXI_2/S1S0" (AND) removed.
     The signal "XLXI_20/XLXI_15/XLXI_13/XLXI_2/XLXN_22" is loadless and has been
removed.
      Loadless block "XLXI_20/XLXI_15/XLXI_13/XLXI_2/I20" (AND) removed.
       The signal "XLXI_20/XLXI_15/XLXI_13/XLXI_2/XLXN_145" is loadless and has been
removed.
        Loadless block "XLXI_20/XLXI_15/XLXI_13/XLXI_2/S1NS0" (AND) removed.
         The signal "XLXI_20/XLXI_15/XLXI_13/XLXI_2/NS0" is loadless and has been
removed.
          Loadless block "XLXI_20/XLXI_15/XLXI_13/XLXI_2/XLXI_2" (BUF) removed.
     The signal "XLXI_20/XLXI_15/XLXI_13/XLXI_2/XLXN_21" is loadless and has been
removed.
      Loadless block "XLXI_20/XLXI_15/XLXI_13/XLXI_2/I10" (AND) removed.
       The signal "XLXI_20/XLXI_15/XLXI_13/XLXI_2/XLXN_142" is loadless and has been
removed.
        Loadless block "XLXI_20/XLXI_15/XLXI_13/XLXI_2/NS1S0" (AND) removed.
         The signal "XLXI_20/XLXI_15/XLXI_13/XLXI_2/NS1" is loadless and has been
removed.
          Loadless block "XLXI_20/XLXI_15/XLXI_13/XLXI_2/XLXI_1" (BUF) removed.
     The signal "XLXI_20/XLXI_15/XLXI_13/XLXI_2/XLXN_20" is loadless and has been
removed.
      Loadless block "XLXI_20/XLXI_15/XLXI_13/XLXI_2/I00" (AND) removed.
       The signal "XLXI_20/XLXI_15/XLXI_13/XLXI_2/XLXN_139" is loadless and has been
removed.
        Loadless block "XLXI_20/XLXI_15/XLXI_13/XLXI_2/NS1NS0" (AND) removed.
 The signal "XLXI_20/XLXI_15/XLXI_13/XLXN_92" is loadless and has been removed.
  Loadless block "XLXI_20/XLXI_15/XLXI_13/XLXI_14" (AND) removed.
   The signal "XLXI_20/XLXI_15/XLXI_13/o0<0>" is loadless and has been removed.
    Loadless block "XLXI_20/XLXI_15/XLXI_13/XLXI_1/O0" (OR) removed.
     The signal "XLXI_20/XLXI_15/XLXI_13/XLXI_1/XLXN_23" is loadless and has been
removed.
      Loadless block "XLXI_20/XLXI_15/XLXI_13/XLXI_1/I30" (AND) removed.
       The signal "XLXI_20/XLXI_15/XLXI_13/XLXI_1/XLXN_148" is loadless and has been
removed.
        Loadless block "XLXI_20/XLXI_15/XLXI_13/XLXI_1/S1S0" (AND) removed.
     The signal "XLXI_20/XLXI_15/XLXI_13/XLXI_1/XLXN_22" is loadless and has been
removed.
      Loadless block "XLXI_20/XLXI_15/XLXI_13/XLXI_1/I20" (AND) removed.
       The signal "XLXI_20/XLXI_15/XLXI_13/XLXI_1/XLXN_145" is loadless and has been
removed.
        Loadless block "XLXI_20/XLXI_15/XLXI_13/XLXI_1/S1NS0" (AND) removed.
         The signal "XLXI_20/XLXI_15/XLXI_13/XLXI_1/NS0" is loadless and has been
removed.
          Loadless block "XLXI_20/XLXI_15/XLXI_13/XLXI_1/XLXI_2" (BUF) removed.
     The signal "XLXI_20/XLXI_15/XLXI_13/XLXI_1/XLXN_21" is loadless and has been
removed.
      Loadless block "XLXI_20/XLXI_15/XLXI_13/XLXI_1/I10" (AND) removed.
       The signal "XLXI_20/XLXI_15/XLXI_13/XLXI_1/XLXN_142" is loadless and has been
removed.
        Loadless block "XLXI_20/XLXI_15/XLXI_13/XLXI_1/NS1S0" (AND) removed.
         The signal "XLXI_20/XLXI_15/XLXI_13/XLXI_1/NS1" is loadless and has been
removed.
          Loadless block "XLXI_20/XLXI_15/XLXI_13/XLXI_1/XLXI_1" (BUF) removed.
     The signal "XLXI_20/XLXI_15/XLXI_13/XLXI_1/XLXN_20" is loadless and has been
removed.
      Loadless block "XLXI_20/XLXI_15/XLXI_13/XLXI_1/I00" (AND) removed.
       The signal "XLXI_20/XLXI_15/XLXI_13/XLXI_1/XLXN_139" is loadless and has been
removed.
        Loadless block "XLXI_20/XLXI_15/XLXI_13/XLXI_1/NS1NS0" (AND) removed.
Loadless block "XLXI_20/XLXI_15/XLXI_13/XLXI_31" (OR) removed.
 The signal "XLXI_20/XLXI_15/XLXI_13/XLXN_95" is loadless and has been removed.
  Loadless block "XLXI_20/XLXI_15/XLXI_13/XLXI_17" (AND) removed.
   The signal "XLXI_20/XLXI_15/XLXI_13/o1<1>" is loadless and has been removed.
    Loadless block "XLXI_20/XLXI_15/XLXI_13/XLXI_2/O1" (OR) removed.
     The signal "XLXI_20/XLXI_15/XLXI_13/XLXI_2/XLXN_129" is loadless and has been
removed.
      Loadless block "XLXI_20/XLXI_15/XLXI_13/XLXI_2/I31" (AND) removed.
     The signal "XLXI_20/XLXI_15/XLXI_13/XLXI_2/XLXN_128" is loadless and has been
removed.
      Loadless block "XLXI_20/XLXI_15/XLXI_13/XLXI_2/I21" (AND) removed.
     The signal "XLXI_20/XLXI_15/XLXI_13/XLXI_2/XLXN_127" is loadless and has been
removed.
      Loadless block "XLXI_20/XLXI_15/XLXI_13/XLXI_2/I11" (AND) removed.
     The signal "XLXI_20/XLXI_15/XLXI_13/XLXI_2/XLXN_126" is loadless and has been
removed.
      Loadless block "XLXI_20/XLXI_15/XLXI_13/XLXI_2/I01" (AND) removed.
 The signal "XLXI_20/XLXI_15/XLXI_13/XLXN_94" is loadless and has been removed.
  Loadless block "XLXI_20/XLXI_15/XLXI_13/XLXI_16" (AND) removed.
   The signal "XLXI_20/XLXI_15/XLXI_13/o0<1>" is loadless and has been removed.
    Loadless block "XLXI_20/XLXI_15/XLXI_13/XLXI_1/O1" (OR) removed.
     The signal "XLXI_20/XLXI_15/XLXI_13/XLXI_1/XLXN_129" is loadless and has been
removed.
      Loadless block "XLXI_20/XLXI_15/XLXI_13/XLXI_1/I31" (AND) removed.
     The signal "XLXI_20/XLXI_15/XLXI_13/XLXI_1/XLXN_128" is loadless and has been
removed.
      Loadless block "XLXI_20/XLXI_15/XLXI_13/XLXI_1/I21" (AND) removed.
     The signal "XLXI_20/XLXI_15/XLXI_13/XLXI_1/XLXN_127" is loadless and has been
removed.
      Loadless block "XLXI_20/XLXI_15/XLXI_13/XLXI_1/I11" (AND) removed.
     The signal "XLXI_20/XLXI_15/XLXI_13/XLXI_1/XLXN_126" is loadless and has been
removed.
      Loadless block "XLXI_20/XLXI_15/XLXI_13/XLXI_1/I01" (AND) removed.
Loadless block "XLXI_20/XLXI_15/XLXI_13/XLXI_36" (OR) removed.
 The signal "XLXI_20/XLXI_15/XLXI_13/XLXN_97" is loadless and has been removed.
  Loadless block "XLXI_20/XLXI_15/XLXI_13/XLXI_19" (AND) removed.
   The signal "XLXI_20/XLXI_15/XLXI_13/o1<2>" is loadless and has been removed.
    Loadless block "XLXI_20/XLXI_15/XLXI_13/XLXI_2/O2" (OR) removed.
     The signal "XLXI_20/XLXI_15/XLXI_13/XLXI_2/XLXN_134" is loadless and has been
removed.
      Loadless block "XLXI_20/XLXI_15/XLXI_13/XLXI_2/I32" (AND) removed.
     The signal "XLXI_20/XLXI_15/XLXI_13/XLXI_2/XLXN_133" is loadless and has been
removed.
      Loadless block "XLXI_20/XLXI_15/XLXI_13/XLXI_2/I22" (AND) removed.
     The signal "XLXI_20/XLXI_15/XLXI_13/XLXI_2/XLXN_132" is loadless and has been
removed.
      Loadless block "XLXI_20/XLXI_15/XLXI_13/XLXI_2/I12" (AND) removed.
     The signal "XLXI_20/XLXI_15/XLXI_13/XLXI_2/XLXN_131" is loadless and has been
removed.
      Loadless block "XLXI_20/XLXI_15/XLXI_13/XLXI_2/I02" (AND) removed.
 The signal "XLXI_20/XLXI_15/XLXI_13/XLXN_96" is loadless and has been removed.
  Loadless block "XLXI_20/XLXI_15/XLXI_13/XLXI_18" (AND) removed.
   The signal "XLXI_20/XLXI_15/XLXI_13/o0<2>" is loadless and has been removed.
    Loadless block "XLXI_20/XLXI_15/XLXI_13/XLXI_1/O2" (OR) removed.
     The signal "XLXI_20/XLXI_15/XLXI_13/XLXI_1/XLXN_134" is loadless and has been
removed.
      Loadless block "XLXI_20/XLXI_15/XLXI_13/XLXI_1/I32" (AND) removed.
     The signal "XLXI_20/XLXI_15/XLXI_13/XLXI_1/XLXN_133" is loadless and has been
removed.
      Loadless block "XLXI_20/XLXI_15/XLXI_13/XLXI_1/I22" (AND) removed.
     The signal "XLXI_20/XLXI_15/XLXI_13/XLXI_1/XLXN_132" is loadless and has been
removed.
      Loadless block "XLXI_20/XLXI_15/XLXI_13/XLXI_1/I12" (AND) removed.
     The signal "XLXI_20/XLXI_15/XLXI_13/XLXI_1/XLXN_131" is loadless and has been
removed.
      Loadless block "XLXI_20/XLXI_15/XLXI_13/XLXI_1/I02" (AND) removed.
Loadless block "XLXI_20/XLXI_15/XLXI_13/XLXI_37" (OR) removed.
 The signal "XLXI_20/XLXI_15/XLXI_13/XLXN_99" is loadless and has been removed.
  Loadless block "XLXI_20/XLXI_15/XLXI_13/XLXI_21" (AND) removed.
   The signal "XLXI_20/XLXI_15/XLXI_13/o1<3>" is loadless and has been removed.
    Loadless block "XLXI_20/XLXI_15/XLXI_13/XLXI_2/O3" (OR) removed.
     The signal "XLXI_20/XLXI_15/XLXI_13/XLXI_2/XLXN_138" is loadless and has been
removed.
      Loadless block "XLXI_20/XLXI_15/XLXI_13/XLXI_2/I33" (AND) removed.
     The signal "XLXI_20/XLXI_15/XLXI_13/XLXI_2/XLXN_137" is loadless and has been
removed.
      Loadless block "XLXI_20/XLXI_15/XLXI_13/XLXI_2/I23" (AND) removed.
     The signal "XLXI_20/XLXI_15/XLXI_13/XLXI_2/XLXN_136" is loadless and has been
removed.
      Loadless block "XLXI_20/XLXI_15/XLXI_13/XLXI_2/I13" (AND) removed.
     The signal "XLXI_20/XLXI_15/XLXI_13/XLXI_2/XLXN_135" is loadless and has been
removed.
      Loadless block "XLXI_20/XLXI_15/XLXI_13/XLXI_2/I03" (AND) removed.
 The signal "XLXI_20/XLXI_15/XLXI_13/XLXN_98" is loadless and has been removed.
  Loadless block "XLXI_20/XLXI_15/XLXI_13/XLXI_20" (AND) removed.
   The signal "XLXI_20/XLXI_15/XLXI_13/o0<3>" is loadless and has been removed.
    Loadless block "XLXI_20/XLXI_15/XLXI_13/XLXI_1/O3" (OR) removed.
     The signal "XLXI_20/XLXI_15/XLXI_13/XLXI_1/XLXN_138" is loadless and has been
removed.
      Loadless block "XLXI_20/XLXI_15/XLXI_13/XLXI_1/I33" (AND) removed.
     The signal "XLXI_20/XLXI_15/XLXI_13/XLXI_1/XLXN_137" is loadless and has been
removed.
      Loadless block "XLXI_20/XLXI_15/XLXI_13/XLXI_1/I23" (AND) removed.
     The signal "XLXI_20/XLXI_15/XLXI_13/XLXI_1/XLXN_136" is loadless and has been
removed.
      Loadless block "XLXI_20/XLXI_15/XLXI_13/XLXI_1/I13" (AND) removed.
     The signal "XLXI_20/XLXI_15/XLXI_13/XLXI_1/XLXN_135" is loadless and has been
removed.
      Loadless block "XLXI_20/XLXI_15/XLXI_13/XLXI_1/I03" (AND) removed.
Loadless block "XLXI_20/XLXI_15/XLXI_14/XLXI_38" (OR) removed.
 The signal "XLXI_20/XLXI_15/XLXI_14/XLXN_101" is loadless and has been removed.
  Loadless block "XLXI_20/XLXI_15/XLXI_14/XLXI_23" (AND) removed.
   The signal "XLXI_20/XLXI_15/XLXI_14/o3<0>" is loadless and has been removed.
    Loadless block "XLXI_20/XLXI_15/XLXI_14/XLXI_4/O0" (OR) removed.
     The signal "XLXI_20/XLXI_15/XLXI_14/XLXI_4/XLXN_23" is loadless and has been
removed.
      Loadless block "XLXI_20/XLXI_15/XLXI_14/XLXI_4/I30" (AND) removed.
     The signal "XLXI_20/XLXI_15/XLXI_14/XLXI_4/XLXN_22" is loadless and has been
removed.
      Loadless block "XLXI_20/XLXI_15/XLXI_14/XLXI_4/I20" (AND) removed.
     The signal "XLXI_20/XLXI_15/XLXI_14/XLXI_4/XLXN_21" is loadless and has been
removed.
      Loadless block "XLXI_20/XLXI_15/XLXI_14/XLXI_4/I10" (AND) removed.
     The signal "XLXI_20/XLXI_15/XLXI_14/XLXI_4/XLXN_20" is loadless and has been
removed.
      Loadless block "XLXI_20/XLXI_15/XLXI_14/XLXI_4/I00" (AND) removed.
 The signal "XLXI_20/XLXI_15/XLXI_14/XLXN_100" is loadless and has been removed.
  Loadless block "XLXI_20/XLXI_15/XLXI_14/XLXI_22" (AND) removed.
   The signal "XLXI_20/XLXI_15/XLXI_14/o2<0>" is loadless and has been removed.
    Loadless block "XLXI_20/XLXI_15/XLXI_14/XLXI_3/O0" (OR) removed.
     The signal "XLXI_20/XLXI_15/XLXI_14/XLXI_3/XLXN_23" is loadless and has been
removed.
      Loadless block "XLXI_20/XLXI_15/XLXI_14/XLXI_3/I30" (AND) removed.
     The signal "XLXI_20/XLXI_15/XLXI_14/XLXI_3/XLXN_22" is loadless and has been
removed.
      Loadless block "XLXI_20/XLXI_15/XLXI_14/XLXI_3/I20" (AND) removed.
     The signal "XLXI_20/XLXI_15/XLXI_14/XLXI_3/XLXN_21" is loadless and has been
removed.
      Loadless block "XLXI_20/XLXI_15/XLXI_14/XLXI_3/I10" (AND) removed.
     The signal "XLXI_20/XLXI_15/XLXI_14/XLXI_3/XLXN_20" is loadless and has been
removed.
      Loadless block "XLXI_20/XLXI_15/XLXI_14/XLXI_3/I00" (AND) removed.
Loadless block "XLXI_20/XLXI_15/XLXI_14/XLXI_39" (OR) removed.
 The signal "XLXI_20/XLXI_15/XLXI_14/XLXN_103" is loadless and has been removed.
  Loadless block "XLXI_20/XLXI_15/XLXI_14/XLXI_25" (AND) removed.
   The signal "XLXI_20/XLXI_15/XLXI_14/o3<1>" is loadless and has been removed.
    Loadless block "XLXI_20/XLXI_15/XLXI_14/XLXI_4/O1" (OR) removed.
     The signal "XLXI_20/XLXI_15/XLXI_14/XLXI_4/XLXN_129" is loadless and has been
removed.
      Loadless block "XLXI_20/XLXI_15/XLXI_14/XLXI_4/I31" (AND) removed.
     The signal "XLXI_20/XLXI_15/XLXI_14/XLXI_4/XLXN_128" is loadless and has been
removed.
      Loadless block "XLXI_20/XLXI_15/XLXI_14/XLXI_4/I21" (AND) removed.
     The signal "XLXI_20/XLXI_15/XLXI_14/XLXI_4/XLXN_127" is loadless and has been
removed.
      Loadless block "XLXI_20/XLXI_15/XLXI_14/XLXI_4/I11" (AND) removed.
     The signal "XLXI_20/XLXI_15/XLXI_14/XLXI_4/XLXN_126" is loadless and has been
removed.
      Loadless block "XLXI_20/XLXI_15/XLXI_14/XLXI_4/I01" (AND) removed.
 The signal "XLXI_20/XLXI_15/XLXI_14/XLXN_102" is loadless and has been removed.
  Loadless block "XLXI_20/XLXI_15/XLXI_14/XLXI_24" (AND) removed.
   The signal "XLXI_20/XLXI_15/XLXI_14/o2<1>" is loadless and has been removed.
    Loadless block "XLXI_20/XLXI_15/XLXI_14/XLXI_3/O1" (OR) removed.
     The signal "XLXI_20/XLXI_15/XLXI_14/XLXI_3/XLXN_129" is loadless and has been
removed.
      Loadless block "XLXI_20/XLXI_15/XLXI_14/XLXI_3/I31" (AND) removed.
     The signal "XLXI_20/XLXI_15/XLXI_14/XLXI_3/XLXN_128" is loadless and has been
removed.
      Loadless block "XLXI_20/XLXI_15/XLXI_14/XLXI_3/I21" (AND) removed.
     The signal "XLXI_20/XLXI_15/XLXI_14/XLXI_3/XLXN_127" is loadless and has been
removed.
      Loadless block "XLXI_20/XLXI_15/XLXI_14/XLXI_3/I11" (AND) removed.
     The signal "XLXI_20/XLXI_15/XLXI_14/XLXI_3/XLXN_126" is loadless and has been
removed.
      Loadless block "XLXI_20/XLXI_15/XLXI_14/XLXI_3/I01" (AND) removed.
Loadless block "XLXI_27/ADD_32/XLXI_1/XLXI_1/XLXI_5" (OR) removed.
 The signal "XLXI_27/ADD_32/XLXI_1/XLXI_1/XLXN_11" is loadless and has been
removed.
  Loadless block "XLXI_27/ADD_32/XLXI_1/XLXI_1/XLXI_3" (AND) removed.
Loadless block "XLXI_27/ADD_32/XLXI_1/XLXI_2/XLXI_5" (OR) removed.
 The signal "XLXI_27/ADD_32/XLXI_1/XLXI_2/XLXN_11" is loadless and has been
removed.
  Loadless block "XLXI_27/ADD_32/XLXI_1/XLXI_2/XLXI_3" (AND) removed.
Loadless block "XLXI_27/ADD_32/XLXI_1/XLXI_3/XLXI_5" (OR) removed.
 The signal "XLXI_27/ADD_32/XLXI_1/XLXI_3/XLXN_11" is loadless and has been
removed.
  Loadless block "XLXI_27/ADD_32/XLXI_1/XLXI_3/XLXI_3" (AND) removed.
Loadless block "XLXI_27/ADD_32/XLXI_1/XLXI_4/XLXI_5" (OR) removed.
 The signal "XLXI_27/ADD_32/XLXI_1/XLXI_4/XLXN_11" is loadless and has been
removed.
  Loadless block "XLXI_27/ADD_32/XLXI_1/XLXI_4/XLXI_3" (AND) removed.
Loadless block "XLXI_27/ADD_32/XLXI_14/XLXI_1/XLXI_5" (OR) removed.
 The signal "XLXI_27/ADD_32/XLXI_14/XLXI_1/XLXN_11" is loadless and has been
removed.
  Loadless block "XLXI_27/ADD_32/XLXI_14/XLXI_1/XLXI_3" (AND) removed.
Loadless block "XLXI_27/ADD_32/XLXI_14/XLXI_2/XLXI_5" (OR) removed.
 The signal "XLXI_27/ADD_32/XLXI_14/XLXI_2/XLXN_11" is loadless and has been
removed.
  Loadless block "XLXI_27/ADD_32/XLXI_14/XLXI_2/XLXI_3" (AND) removed.
Loadless block "XLXI_27/ADD_32/XLXI_14/XLXI_3/XLXI_5" (OR) removed.
 The signal "XLXI_27/ADD_32/XLXI_14/XLXI_3/XLXN_11" is loadless and has been
removed.
  Loadless block "XLXI_27/ADD_32/XLXI_14/XLXI_3/XLXI_3" (AND) removed.
Loadless block "XLXI_27/ADD_32/XLXI_14/XLXI_4/XLXI_5" (OR) removed.
 The signal "XLXI_27/ADD_32/XLXI_14/XLXI_4/XLXN_11" is loadless and has been
removed.
  Loadless block "XLXI_27/ADD_32/XLXI_14/XLXI_4/XLXI_3" (AND) removed.
Loadless block "XLXI_27/ADD_32/XLXI_15/XLXI_1/XLXI_5" (OR) removed.
 The signal "XLXI_27/ADD_32/XLXI_15/XLXI_1/XLXN_11" is loadless and has been
removed.
  Loadless block "XLXI_27/ADD_32/XLXI_15/XLXI_1/XLXI_3" (AND) removed.
Loadless block "XLXI_27/ADD_32/XLXI_15/XLXI_2/XLXI_5" (OR) removed.
 The signal "XLXI_27/ADD_32/XLXI_15/XLXI_2/XLXN_11" is loadless and has been
removed.
  Loadless block "XLXI_27/ADD_32/XLXI_15/XLXI_2/XLXI_3" (AND) removed.
Loadless block "XLXI_27/ADD_32/XLXI_15/XLXI_3/XLXI_5" (OR) removed.
 The signal "XLXI_27/ADD_32/XLXI_15/XLXI_3/XLXN_11" is loadless and has been
removed.
  Loadless block "XLXI_27/ADD_32/XLXI_15/XLXI_3/XLXI_3" (AND) removed.
Loadless block "XLXI_27/ADD_32/XLXI_15/XLXI_4/XLXI_5" (OR) removed.
 The signal "XLXI_27/ADD_32/XLXI_15/XLXI_4/XLXN_11" is loadless and has been
removed.
  Loadless block "XLXI_27/ADD_32/XLXI_15/XLXI_4/XLXI_3" (AND) removed.
Loadless block "XLXI_27/ADD_32/XLXI_16/XLXI_1/XLXI_5" (OR) removed.
 The signal "XLXI_27/ADD_32/XLXI_16/XLXI_1/XLXN_11" is loadless and has been
removed.
  Loadless block "XLXI_27/ADD_32/XLXI_16/XLXI_1/XLXI_3" (AND) removed.
Loadless block "XLXI_27/ADD_32/XLXI_16/XLXI_2/XLXI_5" (OR) removed.
 The signal "XLXI_27/ADD_32/XLXI_16/XLXI_2/XLXN_11" is loadless and has been
removed.
  Loadless block "XLXI_27/ADD_32/XLXI_16/XLXI_2/XLXI_3" (AND) removed.
Loadless block "XLXI_27/ADD_32/XLXI_16/XLXI_3/XLXI_5" (OR) removed.
 The signal "XLXI_27/ADD_32/XLXI_16/XLXI_3/XLXN_11" is loadless and has been
removed.
  Loadless block "XLXI_27/ADD_32/XLXI_16/XLXI_3/XLXI_3" (AND) removed.
Loadless block "XLXI_27/ADD_32/XLXI_16/XLXI_4/XLXI_5" (OR) removed.
 The signal "XLXI_27/ADD_32/XLXI_16/XLXI_4/XLXN_11" is loadless and has been
removed.
  Loadless block "XLXI_27/ADD_32/XLXI_16/XLXI_4/XLXI_3" (AND) removed.
Loadless block "XLXI_27/ADD_32/XLXI_17/XLXI_1/XLXI_5" (OR) removed.
 The signal "XLXI_27/ADD_32/XLXI_17/XLXI_1/XLXN_11" is loadless and has been
removed.
  Loadless block "XLXI_27/ADD_32/XLXI_17/XLXI_1/XLXI_3" (AND) removed.
Loadless block "XLXI_27/ADD_32/XLXI_17/XLXI_2/XLXI_5" (OR) removed.
 The signal "XLXI_27/ADD_32/XLXI_17/XLXI_2/XLXN_11" is loadless and has been
removed.
  Loadless block "XLXI_27/ADD_32/XLXI_17/XLXI_2/XLXI_3" (AND) removed.
Loadless block "XLXI_27/ADD_32/XLXI_17/XLXI_3/XLXI_5" (OR) removed.
 The signal "XLXI_27/ADD_32/XLXI_17/XLXI_3/XLXN_11" is loadless and has been
removed.
  Loadless block "XLXI_27/ADD_32/XLXI_17/XLXI_3/XLXI_3" (AND) removed.
Loadless block "XLXI_27/ADD_32/XLXI_17/XLXI_4/XLXI_5" (OR) removed.
 The signal "XLXI_27/ADD_32/XLXI_17/XLXI_4/XLXN_11" is loadless and has been
removed.
  Loadless block "XLXI_27/ADD_32/XLXI_17/XLXI_4/XLXI_3" (AND) removed.
Loadless block "XLXI_27/ADD_32/XLXI_18/XLXI_1/XLXI_5" (OR) removed.
 The signal "XLXI_27/ADD_32/XLXI_18/XLXI_1/XLXN_11" is loadless and has been
removed.
  Loadless block "XLXI_27/ADD_32/XLXI_18/XLXI_1/XLXI_3" (AND) removed.
Loadless block "XLXI_27/ADD_32/XLXI_18/XLXI_2/XLXI_5" (OR) removed.
 The signal "XLXI_27/ADD_32/XLXI_18/XLXI_2/XLXN_11" is loadless and has been
removed.
  Loadless block "XLXI_27/ADD_32/XLXI_18/XLXI_2/XLXI_3" (AND) removed.
Loadless block "XLXI_27/ADD_32/XLXI_18/XLXI_3/XLXI_5" (OR) removed.
 The signal "XLXI_27/ADD_32/XLXI_18/XLXI_3/XLXN_11" is loadless and has been
removed.
  Loadless block "XLXI_27/ADD_32/XLXI_18/XLXI_3/XLXI_3" (AND) removed.
Loadless block "XLXI_27/ADD_32/XLXI_18/XLXI_4/XLXI_5" (OR) removed.
 The signal "XLXI_27/ADD_32/XLXI_18/XLXI_4/XLXN_11" is loadless and has been
removed.
  Loadless block "XLXI_27/ADD_32/XLXI_18/XLXI_4/XLXI_3" (AND) removed.
Loadless block "XLXI_27/ADD_32/XLXI_19/XLXI_1/XLXI_5" (OR) removed.
 The signal "XLXI_27/ADD_32/XLXI_19/XLXN_5" is loadless and has been removed.
  Loadless block "XLXI_27/ADD_32/XLXI_19/XLXI_1/XLXI_2" (AND) removed.
 The signal "XLXI_27/ADD_32/XLXI_19/XLXI_1/XLXN_11" is loadless and has been
removed.
  Loadless block "XLXI_27/ADD_32/XLXI_19/XLXI_1/XLXI_3" (AND) removed.
Loadless block "XLXI_27/ADD_32/XLXI_19/XLXI_2/XLXI_5" (OR) removed.
 The signal "XLXI_27/ADD_32/XLXI_19/XLXI_2/XLXN_11" is loadless and has been
removed.
  Loadless block "XLXI_27/ADD_32/XLXI_19/XLXI_2/XLXI_3" (AND) removed.
Loadless block "XLXI_27/ADD_32/XLXI_19/XLXI_3/XLXI_5" (OR) removed.
 The signal "XLXI_27/ADD_32/XLXI_19/XLXI_3/XLXN_11" is loadless and has been
removed.
  Loadless block "XLXI_27/ADD_32/XLXI_19/XLXI_3/XLXI_3" (AND) removed.
Loadless block "XLXI_27/ADD_32/XLXI_19/XLXI_4/XLXI_5" (OR) removed.
 The signal "XLXI_27/ADD_32/XLXI_19/XLXI_4/XLXN_11" is loadless and has been
removed.
  Loadless block "XLXI_27/ADD_32/XLXI_19/XLXI_4/XLXI_3" (AND) removed.
Loadless block "XLXI_27/ADD_32/XLXI_20/XLXI_1/XLXI_5" (OR) removed.
 The signal "XLXI_27/ADD_32/XLXI_20/XLXI_1/XLXN_11" is loadless and has been
removed.
  Loadless block "XLXI_27/ADD_32/XLXI_20/XLXI_1/XLXI_3" (AND) removed.
Loadless block "XLXI_27/ADD_32/XLXI_20/XLXI_2/XLXI_5" (OR) removed.
 The signal "XLXI_27/ADD_32/XLXI_20/XLXI_2/XLXN_11" is loadless and has been
removed.
  Loadless block "XLXI_27/ADD_32/XLXI_20/XLXI_2/XLXI_3" (AND) removed.
Loadless block "XLXI_27/ADD_32/XLXI_20/XLXI_3/XLXI_5" (OR) removed.
 The signal "XLXI_27/ADD_32/XLXI_20/XLXI_3/XLXN_11" is loadless and has been
removed.
  Loadless block "XLXI_27/ADD_32/XLXI_20/XLXI_3/XLXI_3" (AND) removed.
Loadless block "XLXI_27/ADD_32/XLXI_20/XLXI_4/XLXI_5" (OR) removed.
 The signal "XLXI_27/ADD_32/XLXI_20/XLXI_4/XLXN_11" is loadless and has been
removed.
  Loadless block "XLXI_27/ADD_32/XLXI_20/XLXI_4/XLXI_3" (AND) removed.
Loadless block "XLXI_27/ADD_32/XLXI_46" (OR) removed.
 The signal "XLXI_27/ADD_32/XLXN_70" is loadless and has been removed.
  Loadless block "XLXI_27/ADD_32/XLXI_45" (AND) removed.
   The signal "XLXI_27/ADD_32/XLXN_69" is loadless and has been removed.
    Loadless block "XLXI_27/ADD_32/XLXI_42/P3P2P1P0" (AND) removed.
     The signal "XLXI_27/ADD_32/XLXN_48" is loadless and has been removed.
      Loadless block "XLXI_27/ADD_32/XLXI_19/XLXI_7/P3P2P1P0" (AND) removed.
 The signal "XLXI_27/ADD_32/XLXN_78" is loadless and has been removed.
  Loadless block "XLXI_27/ADD_32/XLXI_42/XLXI_30" (OR) removed.
   The signal "XLXI_27/ADD_32/XLXN_49" is loadless and has been removed.
    Loadless block "XLXI_27/ADD_32/XLXI_19/XLXI_7/XLXI_30" (OR) removed.
     The signal "XLXI_27/ADD_32/XLXI_19/XLXI_7/XLXN_29" is loadless and has been
removed.
      Loadless block "XLXI_27/ADD_32/XLXI_19/XLXI_7/P3G2" (AND) removed.
     The signal "XLXI_27/ADD_32/XLXI_19/XLXI_7/XLXN_28" is loadless and has been
removed.
      Loadless block "XLXI_27/ADD_32/XLXI_19/XLXI_7/P3P2G1" (AND) removed.
     The signal "XLXI_27/ADD_32/XLXI_19/XLXI_7/XLXN_27" is loadless and has been
removed.
      Loadless block "XLXI_27/ADD_32/XLXI_19/XLXI_7/P3P2P1G0" (AND) removed.
   The signal "XLXI_27/ADD_32/XLXI_42/XLXN_29" is loadless and has been removed.
    Loadless block "XLXI_27/ADD_32/XLXI_42/P3G2" (AND) removed.
   The signal "XLXI_27/ADD_32/XLXI_42/XLXN_28" is loadless and has been removed.
    Loadless block "XLXI_27/ADD_32/XLXI_42/P3P2G1" (AND) removed.
   The signal "XLXI_27/ADD_32/XLXI_42/XLXN_27" is loadless and has been removed.
    Loadless block "XLXI_27/ADD_32/XLXI_42/P3P2P1G0" (AND) removed.
The signal "XLXI_2/SW_OK<14>" is sourceless and has been removed.
 Sourceless block "XLXI_2/SW_OK_14_dpot1" (ROM) removed.
  The signal "XLXI_2/SW_OK_14_dpot1" is sourceless and has been removed.
   Sourceless block "XLXI_2/SW_OK_14" (FF) removed.
The signal "XLXI_2/SW_OK<13>" is sourceless and has been removed.
 Sourceless block "XLXI_2/SW_OK_13_dpot1" (ROM) removed.
  The signal "XLXI_2/SW_OK_13_dpot1" is sourceless and has been removed.
   Sourceless block "XLXI_2/SW_OK_13" (FF) removed.
The signal "XLXI_2/SW_OK<12>" is sourceless and has been removed.
 Sourceless block "XLXI_2/SW_OK_12_dpot1" (ROM) removed.
  The signal "XLXI_2/SW_OK_12_dpot1" is sourceless and has been removed.
   Sourceless block "XLXI_2/SW_OK_12" (FF) removed.
The signal "XLXI_2/SW_OK<11>" is sourceless and has been removed.
 Sourceless block "XLXI_2/SW_OK_11_dpot1" (ROM) removed.
  The signal "XLXI_2/SW_OK_11_dpot1" is sourceless and has been removed.
   Sourceless block "XLXI_2/SW_OK_11" (FF) removed.
The signal "XLXI_2/SW_OK<8>" is sourceless and has been removed.
 Sourceless block "XLXI_2/SW_OK_8_dpot1" (ROM) removed.
  The signal "XLXI_2/SW_OK_8_dpot1" is sourceless and has been removed.
   Sourceless block "XLXI_2/SW_OK_8" (FF) removed.
The signal "XLXI_2/SW_OK_0_dpot1" is sourceless and has been removed.
 Sourceless block "XLXI_2/SW_OK_0" (FF) removed.
  The signal "SW_OK<0>" is sourceless and has been removed.
   Sourceless block "XLXI_2/SW_OK_0_dpot1" (ROM) removed.
The signal "XLXI_2/Key_out_4_dpot" is sourceless and has been removed.
 Sourceless block "XLXI_2/Key_out_4" (FF) removed.
  The signal "XLXN_8<4>" is sourceless and has been removed.
   Sourceless block "XLXI_2/Key_out_4_dpot" (ROM) removed.

The trimmed logic reported below is either:
   1. part of a cycle
   2. part of disabled logic
   3. a side-effect of other trimmed logic

The signal "XLXI_6/MUX2_Blink/XLXI_4/XLXN_139" is unused and has been removed.
 Unused block "XLXI_6/MUX2_Blink/XLXI_4/NS1NS0" (AND) removed.
  The signal "XLXI_6/MUX2_Blink/XLXI_4/NS0" is unused and has been removed.
   Unused block "XLXI_6/MUX2_Blink/XLXI_4/XLXI_2" (BUF) removed.
  The signal "XLXI_6/MUX2_Blink/XLXI_4/NS1" is unused and has been removed.
   Unused block "XLXI_6/MUX2_Blink/XLXI_4/XLXI_1" (BUF) removed.
The signal "XLXI_6/MUX2_Blink/XLXI_4/XLXN_145" is unused and has been removed.
 Unused block "XLXI_6/MUX2_Blink/XLXI_4/S1NS0" (AND) removed.
The signal "XLXI_6/MUX2_Blink/XLXI_4/XLXN_148" is unused and has been removed.
 Unused block "XLXI_6/MUX2_Blink/XLXI_4/S1S0" (AND) removed.
The signal "XLXI_6/MUX2_Blink/XLXI_4/XLXN_142" is unused and has been removed.
 Unused block "XLXI_6/MUX2_Blink/XLXI_4/NS1S0" (AND) removed.
The signal "XLXI_6/MUX2_Blink/XLXI_2/XLXN_139" is unused and has been removed.
 Unused block "XLXI_6/MUX2_Blink/XLXI_2/NS1NS0" (AND) removed.
  The signal "XLXI_6/MUX2_Blink/XLXI_2/NS1" is unused and has been removed.
   Unused block "XLXI_6/MUX2_Blink/XLXI_2/XLXI_1" (BUF) removed.
The signal "XLXI_6/MUX2_Blink/XLXI_2/XLXN_148" is unused and has been removed.
 Unused block "XLXI_6/MUX2_Blink/XLXI_2/S1S0" (AND) removed.
The signal "XLXI_6/MUX2_Blink/XLXI_2/XLXN_142" is unused and has been removed.
 Unused block "XLXI_6/MUX2_Blink/XLXI_2/NS1S0" (AND) removed.
The signal "XLXI_6/MUX2_Blink/XLXI_3/XLXN_145" is unused and has been removed.
 Unused block "XLXI_6/MUX2_Blink/XLXI_3/S1NS0" (AND) removed.
The signal "XLXI_6/MUX2_Blink/XLXI_3/XLXN_148" is unused and has been removed.
 Unused block "XLXI_6/MUX2_Blink/XLXI_3/S1S0" (AND) removed.
The signal "XLXI_6/MUX2_Blink/XLXI_1/XLXN_145" is unused and has been removed.
 Unused block "XLXI_6/MUX2_Blink/XLXI_1/S1NS0" (AND) removed.
The signal "XLXI_6/MUX2_Blink/XLXI_1/XLXN_148" is unused and has been removed.
 Unused block "XLXI_6/MUX2_Blink/XLXI_1/S1S0" (AND) removed.
The signal "XLXI_20/XLXI_15/XLXI_14/XLXI_2/XLXN_139" is unused and has been
removed.
 Unused block "XLXI_20/XLXI_15/XLXI_14/XLXI_2/NS1NS0" (AND) removed.
  The signal "XLXI_20/XLXI_15/XLXI_14/XLXI_2/NS0" is unused and has been removed.
   Unused block "XLXI_20/XLXI_15/XLXI_14/XLXI_2/XLXI_2" (BUF) removed.
  The signal "XLXI_20/XLXI_15/XLXI_14/XLXI_2/NS1" is unused and has been removed.
   Unused block "XLXI_20/XLXI_15/XLXI_14/XLXI_2/XLXI_1" (BUF) removed.
The signal "XLXI_20/XLXI_15/XLXI_14/XLXI_2/XLXN_145" is unused and has been
removed.
 Unused block "XLXI_20/XLXI_15/XLXI_14/XLXI_2/S1NS0" (AND) removed.
The signal "XLXI_20/XLXI_15/XLXI_14/XLXI_2/XLXN_148" is unused and has been
removed.
 Unused block "XLXI_20/XLXI_15/XLXI_14/XLXI_2/S1S0" (AND) removed.
The signal "XLXI_20/XLXI_15/XLXI_14/XLXI_2/XLXN_142" is unused and has been
removed.
 Unused block "XLXI_20/XLXI_15/XLXI_14/XLXI_2/NS1S0" (AND) removed.
The signal "XLXI_20/XLXI_15/XLXI_14/XLXI_1/XLXN_139" is unused and has been
removed.
 Unused block "XLXI_20/XLXI_15/XLXI_14/XLXI_1/NS1NS0" (AND) removed.
  The signal "XLXI_20/XLXI_15/XLXI_14/XLXI_1/NS0" is unused and has been removed.
   Unused block "XLXI_20/XLXI_15/XLXI_14/XLXI_1/XLXI_2" (BUF) removed.
  The signal "XLXI_20/XLXI_15/XLXI_14/XLXI_1/NS1" is unused and has been removed.
   Unused block "XLXI_20/XLXI_15/XLXI_14/XLXI_1/XLXI_1" (BUF) removed.
The signal "XLXI_20/XLXI_15/XLXI_14/XLXI_1/XLXN_145" is unused and has been
removed.
 Unused block "XLXI_20/XLXI_15/XLXI_14/XLXI_1/S1NS0" (AND) removed.
The signal "XLXI_20/XLXI_15/XLXI_14/XLXI_1/XLXN_148" is unused and has been
removed.
 Unused block "XLXI_20/XLXI_15/XLXI_14/XLXI_1/S1S0" (AND) removed.
The signal "XLXI_20/XLXI_15/XLXI_14/XLXI_1/XLXN_142" is unused and has been
removed.
 Unused block "XLXI_20/XLXI_15/XLXI_14/XLXI_1/NS1S0" (AND) removed.
The signal "XLXI_27/MUX1/XLXI_15/XLXI_4/XLXN_148" is unused and has been
removed.
 Unused block "XLXI_27/MUX1/XLXI_15/XLXI_4/S1S0" (AND) removed.
The signal "XLXI_27/MUX1/XLXI_16/XLXI_2/XLXN_148" is unused and has been
removed.
 Unused block "XLXI_27/MUX1/XLXI_16/XLXI_2/S1S0" (AND) removed.
The signal "XLXI_27/MUX1/XLXI_16/XLXI_4/XLXN_148" is unused and has been
removed.
 Unused block "XLXI_27/MUX1/XLXI_16/XLXI_4/S1S0" (AND) removed.
The signal "XLXI_27/MUX1/XLXI_17/XLXI_2/XLXN_148" is unused and has been
removed.
 Unused block "XLXI_27/MUX1/XLXI_17/XLXI_2/S1S0" (AND) removed.
The signal "XLXI_27/MUX1/XLXI_17/XLXI_4/XLXN_148" is unused and has been
removed.
 Unused block "XLXI_27/MUX1/XLXI_17/XLXI_4/S1S0" (AND) removed.
The signal "XLXI_27/MUX1/XLXI_18/XLXI_2/XLXN_148" is unused and has been
removed.
 Unused block "XLXI_27/MUX1/XLXI_18/XLXI_2/S1S0" (AND) removed.
The signal "XLXI_27/MUX1/XLXI_18/XLXI_4/XLXN_148" is unused and has been
removed.
 Unused block "XLXI_27/MUX1/XLXI_18/XLXI_4/S1S0" (AND) removed.

Optimized Block(s):
TYPE 		BLOCK
GND 		XLXI_2/XST_GND
VCC 		XLXI_2/XST_VCC
AND2 		XLXI_20/XLXI_15/XLXI_14/XLXI_1/I00
AND2 		XLXI_20/XLXI_15/XLXI_14/XLXI_1/I01
AND2 		XLXI_20/XLXI_15/XLXI_14/XLXI_1/I02
AND2 		XLXI_20/XLXI_15/XLXI_14/XLXI_1/I03
AND2 		XLXI_20/XLXI_15/XLXI_14/XLXI_1/I10
AND2 		XLXI_20/XLXI_15/XLXI_14/XLXI_1/I11
AND2 		XLXI_20/XLXI_15/XLXI_14/XLXI_1/I12
AND2 		XLXI_20/XLXI_15/XLXI_14/XLXI_1/I13
AND2 		XLXI_20/XLXI_15/XLXI_14/XLXI_1/I20
AND2 		XLXI_20/XLXI_15/XLXI_14/XLXI_1/I21
AND2 		XLXI_20/XLXI_15/XLXI_14/XLXI_1/I22
AND2 		XLXI_20/XLXI_15/XLXI_14/XLXI_1/I23
AND2 		XLXI_20/XLXI_15/XLXI_14/XLXI_1/I30
AND2 		XLXI_20/XLXI_15/XLXI_14/XLXI_1/I31
AND2 		XLXI_20/XLXI_15/XLXI_14/XLXI_1/I32
AND2 		XLXI_20/XLXI_15/XLXI_14/XLXI_1/I33
OR4 		XLXI_20/XLXI_15/XLXI_14/XLXI_1/O0
OR4 		XLXI_20/XLXI_15/XLXI_14/XLXI_1/O1
OR4 		XLXI_20/XLXI_15/XLXI_14/XLXI_1/O2
OR4 		XLXI_20/XLXI_15/XLXI_14/XLXI_1/O3
AND2 		XLXI_20/XLXI_15/XLXI_14/XLXI_14
AND2 		XLXI_20/XLXI_15/XLXI_14/XLXI_15
AND2 		XLXI_20/XLXI_15/XLXI_14/XLXI_16
AND2 		XLXI_20/XLXI_15/XLXI_14/XLXI_17
AND2 		XLXI_20/XLXI_15/XLXI_14/XLXI_18
AND2 		XLXI_20/XLXI_15/XLXI_14/XLXI_19
AND2 		XLXI_20/XLXI_15/XLXI_14/XLXI_2/I00
AND2 		XLXI_20/XLXI_15/XLXI_14/XLXI_2/I01
AND2 		XLXI_20/XLXI_15/XLXI_14/XLXI_2/I02
AND2 		XLXI_20/XLXI_15/XLXI_14/XLXI_2/I03
AND2 		XLXI_20/XLXI_15/XLXI_14/XLXI_2/I10
AND2 		XLXI_20/XLXI_15/XLXI_14/XLXI_2/I11
AND2 		XLXI_20/XLXI_15/XLXI_14/XLXI_2/I12
AND2 		XLXI_20/XLXI_15/XLXI_14/XLXI_2/I13
AND2 		XLXI_20/XLXI_15/XLXI_14/XLXI_2/I20
AND2 		XLXI_20/XLXI_15/XLXI_14/XLXI_2/I21
AND2 		XLXI_20/XLXI_15/XLXI_14/XLXI_2/I22
AND2 		XLXI_20/XLXI_15/XLXI_14/XLXI_2/I23
AND2 		XLXI_20/XLXI_15/XLXI_14/XLXI_2/I30
AND2 		XLXI_20/XLXI_15/XLXI_14/XLXI_2/I31
AND2 		XLXI_20/XLXI_15/XLXI_14/XLXI_2/I32
AND2 		XLXI_20/XLXI_15/XLXI_14/XLXI_2/I33
OR4 		XLXI_20/XLXI_15/XLXI_14/XLXI_2/O0
OR4 		XLXI_20/XLXI_15/XLXI_14/XLXI_2/O1
OR4 		XLXI_20/XLXI_15/XLXI_14/XLXI_2/O2
OR4 		XLXI_20/XLXI_15/XLXI_14/XLXI_2/O3
AND2 		XLXI_20/XLXI_15/XLXI_14/XLXI_20
AND2 		XLXI_20/XLXI_15/XLXI_14/XLXI_21
OR2 		XLXI_20/XLXI_15/XLXI_14/XLXI_30
OR2 		XLXI_20/XLXI_15/XLXI_14/XLXI_31
OR2 		XLXI_20/XLXI_15/XLXI_14/XLXI_36
OR2 		XLXI_20/XLXI_15/XLXI_14/XLXI_37
BUF 		XLXI_20/XLXI_15/XLXI_5
BUF 		XLXI_20/XLXI_15/XLXI_6
BUF 		XLXI_20/XLXI_15/XLXI_7
BUF 		XLXI_20/XLXI_15/XLXI_8
VCC 		XLXI_20/XLXI_18
GND 		XLXI_20/XLXI_19
BUF 		XLXI_22
AND2 		XLXI_27/MUX1/XLXI_15/XLXI_2/I31
AND2 		XLXI_27/MUX1/XLXI_15/XLXI_2/I32
AND2 		XLXI_27/MUX1/XLXI_15/XLXI_2/I33
AND2 		XLXI_27/MUX1/XLXI_15/XLXI_4/I30
AND2 		XLXI_27/MUX1/XLXI_15/XLXI_4/I31
AND2 		XLXI_27/MUX1/XLXI_15/XLXI_4/I32
AND2 		XLXI_27/MUX1/XLXI_15/XLXI_4/I33
AND2 		XLXI_27/MUX1/XLXI_16/XLXI_2/I30
AND2 		XLXI_27/MUX1/XLXI_16/XLXI_2/I31
AND2 		XLXI_27/MUX1/XLXI_16/XLXI_2/I32
AND2 		XLXI_27/MUX1/XLXI_16/XLXI_2/I33
AND2 		XLXI_27/MUX1/XLXI_16/XLXI_4/I30
AND2 		XLXI_27/MUX1/XLXI_16/XLXI_4/I31
AND2 		XLXI_27/MUX1/XLXI_16/XLXI_4/I32
AND2 		XLXI_27/MUX1/XLXI_16/XLXI_4/I33
AND2 		XLXI_27/MUX1/XLXI_17/XLXI_2/I30
AND2 		XLXI_27/MUX1/XLXI_17/XLXI_2/I31
AND2 		XLXI_27/MUX1/XLXI_17/XLXI_2/I32
AND2 		XLXI_27/MUX1/XLXI_17/XLXI_2/I33
AND2 		XLXI_27/MUX1/XLXI_17/XLXI_4/I30
AND2 		XLXI_27/MUX1/XLXI_17/XLXI_4/I31
AND2 		XLXI_27/MUX1/XLXI_17/XLXI_4/I32
AND2 		XLXI_27/MUX1/XLXI_17/XLXI_4/I33
AND2 		XLXI_27/MUX1/XLXI_18/XLXI_2/I30
AND2 		XLXI_27/MUX1/XLXI_18/XLXI_2/I31
AND2 		XLXI_27/MUX1/XLXI_18/XLXI_2/I32
AND2 		XLXI_27/MUX1/XLXI_18/XLXI_2/I33
AND2 		XLXI_27/MUX1/XLXI_18/XLXI_4/I30
AND2 		XLXI_27/MUX1/XLXI_18/XLXI_4/I31
AND2 		XLXI_27/MUX1/XLXI_18/XLXI_4/I32
AND2 		XLXI_27/MUX1/XLXI_18/XLXI_4/I33
VCC 		XLXI_28/LED_P2S/XST_VCC
INV 		XLXI_33/D/XLXI_13
INV 		XLXI_33/D/XLXI_14
VCC 		XLXI_35/XLXI_1/XST_VCC
AND2 		XLXI_6/MUX2_Blink/XLXI_1/I20
AND2 		XLXI_6/MUX2_Blink/XLXI_1/I21
AND2 		XLXI_6/MUX2_Blink/XLXI_1/I22
AND2 		XLXI_6/MUX2_Blink/XLXI_1/I23
AND2 		XLXI_6/MUX2_Blink/XLXI_1/I30
AND2 		XLXI_6/MUX2_Blink/XLXI_1/I31
AND2 		XLXI_6/MUX2_Blink/XLXI_1/I32
AND2 		XLXI_6/MUX2_Blink/XLXI_1/I33
AND2 		XLXI_6/MUX2_Blink/XLXI_2/I00
AND2 		XLXI_6/MUX2_Blink/XLXI_2/I01
AND2 		XLXI_6/MUX2_Blink/XLXI_2/I02
AND2 		XLXI_6/MUX2_Blink/XLXI_2/I03
AND2 		XLXI_6/MUX2_Blink/XLXI_2/I10
AND2 		XLXI_6/MUX2_Blink/XLXI_2/I11
AND2 		XLXI_6/MUX2_Blink/XLXI_2/I12
AND2 		XLXI_6/MUX2_Blink/XLXI_2/I13
AND2 		XLXI_6/MUX2_Blink/XLXI_2/I30
AND2 		XLXI_6/MUX2_Blink/XLXI_2/I31
AND2 		XLXI_6/MUX2_Blink/XLXI_2/I32
AND2 		XLXI_6/MUX2_Blink/XLXI_2/I33
AND2 		XLXI_6/MUX2_Blink/XLXI_23
AND2 		XLXI_6/MUX2_Blink/XLXI_25
AND2 		XLXI_6/MUX2_Blink/XLXI_27
AND2 		XLXI_6/MUX2_Blink/XLXI_29
AND2 		XLXI_6/MUX2_Blink/XLXI_3/I20
AND2 		XLXI_6/MUX2_Blink/XLXI_3/I21
AND2 		XLXI_6/MUX2_Blink/XLXI_3/I22
AND2 		XLXI_6/MUX2_Blink/XLXI_3/I23
AND2 		XLXI_6/MUX2_Blink/XLXI_3/I30
AND2 		XLXI_6/MUX2_Blink/XLXI_3/I31
AND2 		XLXI_6/MUX2_Blink/XLXI_3/I32
AND2 		XLXI_6/MUX2_Blink/XLXI_3/I33
AND2 		XLXI_6/MUX2_Blink/XLXI_4/I00
AND2 		XLXI_6/MUX2_Blink/XLXI_4/I01
AND2 		XLXI_6/MUX2_Blink/XLXI_4/I02
AND2 		XLXI_6/MUX2_Blink/XLXI_4/I03
AND2 		XLXI_6/MUX2_Blink/XLXI_4/I10
AND2 		XLXI_6/MUX2_Blink/XLXI_4/I11
AND2 		XLXI_6/MUX2_Blink/XLXI_4/I12
AND2 		XLXI_6/MUX2_Blink/XLXI_4/I13
AND2 		XLXI_6/MUX2_Blink/XLXI_4/I20
AND2 		XLXI_6/MUX2_Blink/XLXI_4/I21
AND2 		XLXI_6/MUX2_Blink/XLXI_4/I22
AND2 		XLXI_6/MUX2_Blink/XLXI_4/I23
AND2 		XLXI_6/MUX2_Blink/XLXI_4/I30
AND2 		XLXI_6/MUX2_Blink/XLXI_4/I31
AND2 		XLXI_6/MUX2_Blink/XLXI_4/I32
AND2 		XLXI_6/MUX2_Blink/XLXI_4/I33
OR4 		XLXI_6/MUX2_Blink/XLXI_4/O0
OR4 		XLXI_6/MUX2_Blink/XLXI_4/O1
OR4 		XLXI_6/MUX2_Blink/XLXI_4/O2
OR4 		XLXI_6/MUX2_Blink/XLXI_4/O3

To enable printing of redundant blocks removed and signals merged, set the
detailed map report option and rerun map.

Section 6 - IOB Properties
--------------------------

+---------------------------------------------------------------------------------------------------------------------------------------------------------+
| IOB Name                           | Type             | Direction | IO Standard          | Diff  | Drive    | Slew | Reg (s)      | Resistor | IOB      |
|                                    |                  |           |                      | Term  | Strength | Rate |              |          | Delay    |
+---------------------------------------------------------------------------------------------------------------------------------------------------------+
| AN<0>                              | IOB33            | OUTPUT    | LVCMOS33             |       | 12       | SLOW |              |          |          |
| AN<1>                              | IOB33            | OUTPUT    | LVCMOS33             |       | 12       | SLOW |              |          |          |
| AN<2>                              | IOB33            | OUTPUT    | LVCMOS33             |       | 12       | SLOW |              |          |          |
| AN<3>                              | IOB33            | OUTPUT    | LVCMOS33             |       | 12       | SLOW |              |          |          |
| Buzzer                             | IOB33            | OUTPUT    | LVCMOS33             |       | 12       | SLOW |              |          |          |
| CR                                 | IOB33            | OUTPUT    | LVCMOS33             |       | 12       | SLOW |              |          |          |
| K_COL<0>                           | IOB              | INPUT     | LVCMOS18             |       |          |      |              |          |          |
| K_COL<1>                           | IOB              | INPUT     | LVCMOS18             |       |          |      |              |          |          |
| K_COL<2>                           | IOB              | INPUT     | LVCMOS18             |       |          |      |              |          |          |
| K_COL<3>                           | IOB              | INPUT     | LVCMOS18             |       |          |      |              |          |          |
| K_ROW<0>                           | IOB              | OUTPUT    | LVCMOS18             |       | 12       | SLOW |              |          |          |
| K_ROW<1>                           | IOB              | OUTPUT    | LVCMOS18             |       | 12       | SLOW |              |          |          |
| K_ROW<2>                           | IOB              | OUTPUT    | LVCMOS18             |       | 12       | SLOW |              |          |          |
| K_ROW<3>                           | IOB              | OUTPUT    | LVCMOS18             |       | 12       | SLOW |              |          |          |
| K_ROW<4>                           | IOB              | OUTPUT    | LVCMOS18             |       | 12       | SLOW |              |          |          |
| LED<0>                             | IOB33            | OUTPUT    | LVCMOS33             |       | 12       | SLOW |              |          |          |
| LED<1>                             | IOB33            | OUTPUT    | LVCMOS33             |       | 12       | SLOW |              |          |          |
| LED<2>                             | IOB33            | OUTPUT    | LVCMOS33             |       | 12       | SLOW |              |          |          |
| LED<3>                             | IOB33            | OUTPUT    | LVCMOS33             |       | 12       | SLOW |              |          |          |
| LED<4>                             | IOB33            | OUTPUT    | LVCMOS33             |       | 12       | SLOW |              |          |          |
| LED<5>                             | IOB33            | OUTPUT    | LVCMOS33             |       | 12       | SLOW |              |          |          |
| LED<6>                             | IOB33            | OUTPUT    | LVCMOS33             |       | 12       | SLOW |              |          |          |
| LED<7>                             | IOB33            | OUTPUT    | LVCMOS33             |       | 12       | SLOW |              |          |          |
| LEDCLK                             | IOB33            | OUTPUT    | LVCMOS33             |       | 12       | SLOW |              |          |          |
| LEDCLR                             | IOB33            | OUTPUT    | LVCMOS33             |       | 12       | SLOW |              |          |          |
| LEDDT                              | IOB33            | OUTPUT    | LVCMOS33             |       | 12       | SLOW |              |          |          |
| LEDEN                              | IOB33            | OUTPUT    | LVCMOS33             |       | 12       | SLOW |              |          |          |
| RDY                                | IOB33            | OUTPUT    | LVCMOS33             |       | 12       | SLOW |              |          |          |
| RSTN                               | IOB              | INPUT     | LVCMOS18             |       |          |      |              |          |          |
| SEGCLK                             | IOB33            | OUTPUT    | LVCMOS33             |       | 12       | SLOW |              |          |          |
| SEGCLR                             | IOB33            | OUTPUT    | LVCMOS33             |       | 12       | SLOW |              |          |          |
| SEGDT                              | IOB33            | OUTPUT    | LVCMOS33             |       | 12       | SLOW |              |          |          |
| SEGEN                              | IOB33            | OUTPUT    | LVCMOS33             |       | 12       | SLOW |              |          |          |
| SEGMENT<0>                         | IOB33            | OUTPUT    | LVCMOS33             |       | 12       | SLOW |              |          |          |
| SEGMENT<1>                         | IOB33            | OUTPUT    | LVCMOS33             |       | 12       | SLOW |              |          |          |
| SEGMENT<2>                         | IOB33            | OUTPUT    | LVCMOS33             |       | 12       | SLOW |              |          |          |
| SEGMENT<3>                         | IOB33            | OUTPUT    | LVCMOS33             |       | 12       | SLOW |              |          |          |
| SEGMENT<4>                         | IOB33            | OUTPUT    | LVCMOS33             |       | 12       | SLOW |              |          |          |
| SEGMENT<5>                         | IOB33            | OUTPUT    | LVCMOS33             |       | 12       | SLOW |              |          |          |
| SEGMENT<6>                         | IOB33            | OUTPUT    | LVCMOS33             |       | 12       | SLOW |              |          |          |
| SEGMENT<7>                         | IOB33            | OUTPUT    | LVCMOS33             |       | 12       | SLOW |              |          |          |
| SW<0>                              | IOB              | INPUT     | LVCMOS15             |       |          |      |              |          |          |
| SW<1>                              | IOB              | INPUT     | LVCMOS15             |       |          |      |              |          |          |
| SW<2>                              | IOB              | INPUT     | LVCMOS15             |       |          |      |              |          |          |
| SW<3>                              | IOB              | INPUT     | LVCMOS15             |       |          |      |              |          |          |
| SW<4>                              | IOB              | INPUT     | LVCMOS15             |       |          |      |              |          |          |
| SW<5>                              | IOB              | INPUT     | LVCMOS15             |       |          |      |              |          |          |
| SW<6>                              | IOB              | INPUT     | LVCMOS15             |       |          |      |              |          |          |
| SW<7>                              | IOB              | INPUT     | LVCMOS15             |       |          |      |              |          |          |
| SW<8>                              | IOB              | INPUT     | LVCMOS15             |       |          |      |              |          |          |
| SW<9>                              | IOB              | INPUT     | LVCMOS15             |       |          |      |              |          |          |
| SW<10>                             | IOB              | INPUT     | LVCMOS15             |       |          |      |              |          |          |
| SW<11>                             | IOB              | INPUT     | LVCMOS15             |       |          |      |              |          |          |
| SW<12>                             | IOB              | INPUT     | LVCMOS15             |       |          |      |              |          |          |
| SW<13>                             | IOB              | INPUT     | LVCMOS15             |       |          |      |              |          |          |
| SW<14>                             | IOB              | INPUT     | LVCMOS15             |       |          |      |              |          |          |
| SW<15>                             | IOB              | INPUT     | LVCMOS15             |       |          |      |              |          |          |
| clk_100mhz                         | IOB              | INPUT     | LVCMOS18             |       |          |      |              |          |          |
| readn                              | IOB33            | OUTPUT    | LVCMOS33             |       | 12       | SLOW |              |          |          |
| vga_blue<0>                        | IOB33            | OUTPUT    | LVCMOS33             |       | 12       | FAST |              |          |          |
| vga_blue<1>                        | IOB33            | OUTPUT    | LVCMOS33             |       | 12       | FAST |              |          |          |
| vga_blue<2>                        | IOB33            | OUTPUT    | LVCMOS33             |       | 12       | FAST |              |          |          |
| vga_blue<3>                        | IOB33            | OUTPUT    | LVCMOS33             |       | 12       | FAST |              |          |          |
| vga_green<0>                       | IOB33            | OUTPUT    | LVCMOS33             |       | 12       | FAST |              |          |          |
| vga_green<1>                       | IOB33            | OUTPUT    | LVCMOS33             |       | 12       | FAST |              |          |          |
| vga_green<2>                       | IOB33            | OUTPUT    | LVCMOS33             |       | 12       | FAST |              |          |          |
| vga_green<3>                       | IOB33            | OUTPUT    | LVCMOS33             |       | 12       | FAST |              |          |          |
| vga_h_sync                         | IOB33            | OUTPUT    | LVCMOS33             |       | 12       | FAST |              |          |          |
| vga_red<0>                         | IOB33            | OUTPUT    | LVCMOS33             |       | 12       | FAST |              |          |          |
| vga_red<1>                         | IOB33            | OUTPUT    | LVCMOS33             |       | 12       | FAST |              |          |          |
| vga_red<2>                         | IOB33            | OUTPUT    | LVCMOS33             |       | 12       | FAST |              |          |          |
| vga_red<3>                         | IOB33            | OUTPUT    | LVCMOS33             |       | 12       | FAST |              |          |          |
| vga_v_sync                         | IOB33            | OUTPUT    | LVCMOS33             |       | 12       | FAST |              |          |          |
+---------------------------------------------------------------------------------------------------------------------------------------------------------+

Section 7 - RPMs
----------------

Section 8 - Guide Report
------------------------
Guide not run on this design.

Section 9 - Area Group and Partition Summary
--------------------------------------------

Partition Implementation Status
-------------------------------

  No Partitions were found in this design.

-------------------------------

Area Group Information
----------------------

  No area groups were found in this design.

----------------------

Section 10 - Timing Report
--------------------------
A logic-level (pre-route) timing report can be generated by using Xilinx static
timing analysis tools, Timing Analyzer (GUI) or TRCE (command line), with the
mapped NCD and PCF files. Please note that this timing report will be generated
using estimated delay information. For accurate numbers, please generate a
timing report with the post Place and Route NCD file.

For more information about the Timing Analyzer, consult the Xilinx Timing
Analyzer Reference Manual; for more information about TRCE, consult the Xilinx
Command Line Tools User Guide "TRACE" chapter.

Section 11 - Configuration String Details
-----------------------------------------
Use the "-detail" map option to print out Configuration Strings

Section 12 - Control Set Information
------------------------------------
Use the "-detail" map option to print out Control Set Information.

Section 13 - Utilization by Hierarchy
-------------------------------------
Use the "-detail" map option to print out the Utilization by Hierarchy section.
